Drill report for sidekickvco_b1.kicad_pcb
Created on Sat Mar 12 17:42:16 2022

Copper Layer Stackup:
    =============================================================
    L1 :  F.Cu                      front
    L2 :  B.Cu                      back


Drill file 'sidekickvco_b1.drl' contains
    plated through holes:
    =============================================================
    T1  0.400mm  0.0157"  (3 holes)
    T2  0.700mm  0.0276"  (6 holes)
    T3  0.800mm  0.0315"  (224 holes)
    T4  1.000mm  0.0394"  (8 holes)
    T5  1.016mm  0.0400"  (10 holes)
    T6  1.100mm  0.0433"  (4 holes)
    T7  1.190mm  0.0469"  (4 holes)
    T8  1.200mm  0.0472"  (12 holes)
    T9  1.600mm  0.0630"  (24 holes)

    Total plated holes count 295


Not plated through holes are merged with plated holes
    unplated through holes:
    =============================================================

    Total unplated holes count 0
